Построение начато 14.03.2017 18:49:56.
     1>Проект "C:\Users\ДОМ\Documents\GitHub\TriangleClass\СlassTraining\СlassTraining\СlassTraining.vcxproj" в узле 2 (целевые объекты build).
     1>InitializeBuildStatus:
         Создание "Debug\TriangleClassOOP.unsuccessfulbuild", так как было задано "AlwaysCreate".
       GenerateTargetFrameworkMonikerAttribute:
       Целевой объект "GenerateTargetFrameworkMonikerAttribute" пропускается, так как все выходные файлы актуальны по отношению к входным.
       ClCompile:
         Для всех выходных данных обновления не требуется.
         Для всех выходных данных обновления не требуется.
         Для всех выходных данных обновления не требуется.
       ResourceCompile:
         Для всех выходных данных обновления не требуется.
       Link:
         Для всех выходных данных обновления не требуется.
         СlassTraining.vcxproj -> C:\Users\ДОМ\Documents\GitHub\TriangleClass\СlassTraining\Debug\TriangleClassOOP.exe
       MetaGen:
       Целевой объект "MetaGen" пропускается, так как все выходные файлы актуальны по отношению к входным.
       FinalizeBuildStatus:
         Файл "Debug\TriangleClassOOP.unsuccessfulbuild" удаляется.
         Обращение к "Debug\TriangleClassOOP.lastbuildstate".
     1>Построение проекта "C:\Users\ДОМ\Documents\GitHub\TriangleClass\СlassTraining\СlassTraining\СlassTraining.vcxproj" завершено (целевые объекты build).

Построение успешно завершено.

Затраченное время: 00:00:01.18
